<?xml version="1.0" encoding="UTF-8"?>
<robot generator="Robot 4.1.2 (Python 3.8.10 on linux)" generated="20211215 16:26:33.737" rpa="false" schemaversion="2">
<suite id="s1" name="automationTokenAPIPage" source="/home/adlinnur/PycharmProjects/API Token Page/automationTokenAPIPage.robot">
<test id="s1-t1" name="Open Deriv">
<kw name="Login" library="common">
<arg>${my_email}</arg>
<arg>${my_pw}</arg>
<kw name="Open Browser" library="SeleniumLibrary">
<arg>url=https://app.deriv.com</arg>
<arg>browser=chrome</arg>
<doc>Opens a new browser instance to the optional ``url``.</doc>
<msg timestamp="20211215 16:26:33.823" level="INFO">Opening browser 'chrome' to base url 'https://app.deriv.com'.</msg>
<status status="PASS" starttime="20211215 16:26:33.823" endtime="20211215 16:26:44.050"/>
</kw>
<kw name="Maximize Browser Window" library="SeleniumLibrary">
<doc>Maximizes current browser window.</doc>
<status status="PASS" starttime="20211215 16:26:44.051" endtime="20211215 16:26:44.156"/>
</kw>
<kw name="Wait Until Page Does Not Contain Element" library="SeleniumLibrary">
<arg>dt_core_header_acc-info-preloader</arg>
<arg>60</arg>
<doc>Waits until the element ``locator`` disappears from the current page.</doc>
<status status="PASS" starttime="20211215 16:26:44.157" endtime="20211215 16:26:44.166"/>
</kw>
<kw name="Wait Until Page Contains Element" library="SeleniumLibrary">
<arg>${login_btn}</arg>
<arg>60</arg>
<doc>Waits until the element ``locator`` appears on the current page.</doc>
<status status="PASS" starttime="20211215 16:26:44.166" endtime="20211215 16:26:44.177"/>
</kw>
<kw name="Click Element" library="SeleniumLibrary">
<arg>${login_btn}</arg>
<doc>Click the element identified by ``locator``.</doc>
<msg timestamp="20211215 16:26:44.178" level="INFO">Clicking element 'dt_login_button'.</msg>
<status status="PASS" starttime="20211215 16:26:44.177" endtime="20211215 16:26:44.225"/>
</kw>
<kw name="Wait Until Page Contains Element" library="SeleniumLibrary">
<arg>${email_field}</arg>
<arg>15</arg>
<doc>Waits until the element ``locator`` appears on the current page.</doc>
<status status="PASS" starttime="20211215 16:26:44.226" endtime="20211215 16:26:46.941"/>
</kw>
<kw name="Input Text" library="SeleniumLibrary">
<arg>${email_field}</arg>
<arg>${email}</arg>
<doc>Types the given ``text`` into the text field identified by ``locator``.</doc>
<msg timestamp="20211215 16:26:46.942" level="INFO">Typing text 'adlinnurnatasha@besquare.com.my' into text field 'name=email'.</msg>
<status status="PASS" starttime="20211215 16:26:46.941" endtime="20211215 16:26:46.996"/>
</kw>
<kw name="Input Text" library="SeleniumLibrary">
<arg>${password_field}</arg>
<arg>${pw}</arg>
<doc>Types the given ``text`` into the text field identified by ``locator``.</doc>
<msg timestamp="20211215 16:26:46.997" level="INFO">Typing text 'Adyhafetz@19' into text field '//*[@type="password"]'.</msg>
<status status="PASS" starttime="20211215 16:26:46.996" endtime="20211215 16:26:47.052"/>
</kw>
<kw name="Click Element" library="SeleniumLibrary">
<arg>${login_oauth_btn}</arg>
<doc>Click the element identified by ``locator``.</doc>
<msg timestamp="20211215 16:26:47.053" level="INFO">Clicking element '//*[text()="Log in"]'.</msg>
<status status="PASS" starttime="20211215 16:26:47.052" endtime="20211215 16:26:50.330"/>
</kw>
<status status="PASS" starttime="20211215 16:26:33.822" endtime="20211215 16:26:50.330"/>
</kw>
<kw name="PersonalDetails" library="common">
<kw name="Wait Until Page Does Not Contain Element" library="SeleniumLibrary">
<arg>dt_core_header_acc-info-preloader</arg>
<arg>60</arg>
<doc>Waits until the element ``locator`` disappears from the current page.</doc>
<status status="PASS" starttime="20211215 16:26:50.331" endtime="20211215 16:26:53.176"/>
</kw>
<kw name="Click Element" library="SeleniumLibrary">
<arg>//*[@id="dt_core_header_acc-info-container"]</arg>
<doc>Click the element identified by ``locator``.</doc>
<msg timestamp="20211215 16:26:53.176" level="INFO">Clicking element '//*[@id="dt_core_header_acc-info-container"]'.</msg>
<status status="PASS" starttime="20211215 16:26:53.176" endtime="20211215 16:26:53.235"/>
</kw>
<kw name="Click Element" library="SeleniumLibrary">
<arg>//*[@id="dt_core_header_acc-info-container"]/div[2]/div/div</arg>
<doc>Click the element identified by ``locator``.</doc>
<msg timestamp="20211215 16:26:53.236" level="INFO">Clicking element '//*[@id="dt_core_header_acc-info-container"]/div[2]/div/div'.</msg>
<status status="PASS" starttime="20211215 16:26:53.235" endtime="20211215 16:26:53.369"/>
</kw>
<status status="PASS" starttime="20211215 16:26:50.330" endtime="20211215 16:26:53.369"/>
</kw>
<kw name="APIToken" library="common">
<kw name="Reload Page" library="SeleniumLibrary">
<doc>Simulates user reloading page.</doc>
<status status="PASS" starttime="20211215 16:26:53.370" endtime="20211215 16:26:56.722"/>
</kw>
<kw name="Wait Until Page Does Not Contain Element" library="SeleniumLibrary">
<arg>dt_core_header_acc-info-preloader</arg>
<arg>60</arg>
<doc>Waits until the element ``locator`` disappears from the current page.</doc>
<status status="PASS" starttime="20211215 16:26:56.722" endtime="20211215 16:26:58.853"/>
</kw>
<kw name="Wait Until Page Contains Element" library="SeleniumLibrary">
<arg>//*[@id="/account/api-token"]</arg>
<arg>60</arg>
<doc>Waits until the element ``locator`` appears on the current page.</doc>
<status status="PASS" starttime="20211215 16:26:58.854" endtime="20211215 16:26:58.869"/>
</kw>
<kw name="Click Element" library="SeleniumLibrary">
<arg>//*[@id="/account/api-token"]</arg>
<doc>Click the element identified by ``locator``.</doc>
<msg timestamp="20211215 16:26:58.869" level="INFO">Clicking element '//*[@id="/account/api-token"]'.</msg>
<status status="PASS" starttime="20211215 16:26:58.869" endtime="20211215 16:26:58.940"/>
</kw>
<status status="PASS" starttime="20211215 16:26:53.369" endtime="20211215 16:26:58.940"/>
</kw>
<kw name="TestCase1" library="common">
<kw name="Wait Until Page Does Not Contain Element" library="SeleniumLibrary">
<arg>dt_core_header_acc-info-preloader</arg>
<arg>60</arg>
<doc>Waits until the element ``locator`` disappears from the current page.</doc>
<status status="PASS" starttime="20211215 16:26:58.941" endtime="20211215 16:26:58.947"/>
</kw>
<kw name="Wait Until Page Contains Element" library="SeleniumLibrary">
<arg>//*[@id="app_contents"]/div/div/div/div/div[2]/div/div[2]/div/section/div/div/form/div/div[1]/div[2]/div/div/div/div[1]/label/span[1]</arg>
<doc>Waits until the element ``locator`` appears on the current page.</doc>
<status status="PASS" starttime="20211215 16:26:58.947" endtime="20211215 16:26:59.595"/>
</kw>
<kw name="Double Click Element" library="SeleniumLibrary">
<arg>//*[@id="app_contents"]/div/div/div/div/div[2]/div/div[2]/div/section/div/div/form/div/div[1]/div[2]/div/div/div/div[1]/label/span[1]</arg>
<doc>Double clicks the element identified by ``locator``.</doc>
<msg timestamp="20211215 16:26:59.596" level="INFO">Double clicking element '//*[@id="app_contents"]/div/div/div/div/div[2]/div/div[2]/div/section/div/div/form/div/div[1]/div[2]/div/div/div/div[1]/label/span[1]'.</msg>
<status status="PASS" starttime="20211215 16:26:59.595" endtime="20211215 16:26:59.947"/>
</kw>
<kw name="Wait Until Page Contains Element" library="SeleniumLibrary">
<arg>//*[@id="app_contents"]/div/div/div/div/div[2]/div/div[2]/div/section/div/div/form/div/div[1]/div[2]/div/div/div/div[2]/label/span[1]</arg>
<doc>Waits until the element ``locator`` appears on the current page.</doc>
<status status="PASS" starttime="20211215 16:26:59.947" endtime="20211215 16:26:59.967"/>
</kw>
<kw name="Double Click Element" library="SeleniumLibrary">
<arg>//*[@id="app_contents"]/div/div/div/div/div[2]/div/div[2]/div/section/div/div/form/div/div[1]/div[2]/div/div/div/div[2]/label/span[1]</arg>
<doc>Double clicks the element identified by ``locator``.</doc>
<msg timestamp="20211215 16:26:59.967" level="INFO">Double clicking element '//*[@id="app_contents"]/div/div/div/div/div[2]/div/div[2]/div/section/div/div/form/div/div[1]/div[2]/div/div/div/div[2]/label/span[1]'.</msg>
<status status="PASS" starttime="20211215 16:26:59.967" endtime="20211215 16:27:00.280"/>
</kw>
<kw name="Wait Until Page Contains Element" library="SeleniumLibrary">
<arg>//*[@id="app_contents"]/div/div/div/div/div[2]/div/div[2]/div/section/div/div/form/div/div[1]/div[2]/div/div/div/div[3]/label/span[1]</arg>
<doc>Waits until the element ``locator`` appears on the current page.</doc>
<status status="PASS" starttime="20211215 16:27:00.280" endtime="20211215 16:27:00.290"/>
</kw>
<kw name="Double Click Element" library="SeleniumLibrary">
<arg>//*[@id="app_contents"]/div/div/div/div/div[2]/div/div[2]/div/section/div/div/form/div/div[1]/div[2]/div/div/div/div[3]/label/span[1]</arg>
<doc>Double clicks the element identified by ``locator``.</doc>
<msg timestamp="20211215 16:27:00.291" level="INFO">Double clicking element '//*[@id="app_contents"]/div/div/div/div/div[2]/div/div[2]/div/section/div/div/form/div/div[1]/div[2]/div/div/div/div[3]/label/span[1]'.</msg>
<status status="PASS" starttime="20211215 16:27:00.291" endtime="20211215 16:27:00.586"/>
</kw>
<kw name="Wait Until Page Contains Element" library="SeleniumLibrary">
<arg>//*[@id="app_contents"]/div/div/div/div/div[2]/div/div[2]/div/section/div/div/form/div/div[1]/div[2]/div/div/div/div[4]/label/span[1]</arg>
<doc>Waits until the element ``locator`` appears on the current page.</doc>
<status status="PASS" starttime="20211215 16:27:00.586" endtime="20211215 16:27:00.596"/>
</kw>
<kw name="Double Click Element" library="SeleniumLibrary">
<arg>//*[@id="app_contents"]/div/div/div/div/div[2]/div/div[2]/div/section/div/div/form/div/div[1]/div[2]/div/div/div/div[4]/label/span[1]</arg>
<doc>Double clicks the element identified by ``locator``.</doc>
<msg timestamp="20211215 16:27:00.596" level="INFO">Double clicking element '//*[@id="app_contents"]/div/div/div/div/div[2]/div/div[2]/div/section/div/div/form/div/div[1]/div[2]/div/div/div/div[4]/label/span[1]'.</msg>
<status status="PASS" starttime="20211215 16:27:00.596" endtime="20211215 16:27:00.893"/>
</kw>
<kw name="Wait Until Page Contains Element" library="SeleniumLibrary">
<arg>//*[@id="app_contents"]/div/div/div/div/div[2]/div/div[2]/div/section/div/div/form/div/div[1]/div[2]/div/div/div/div[5]/label/span[1]</arg>
<doc>Waits until the element ``locator`` appears on the current page.</doc>
<status status="PASS" starttime="20211215 16:27:00.894" endtime="20211215 16:27:00.904"/>
</kw>
<kw name="Double Click Element" library="SeleniumLibrary">
<arg>//*[@id="app_contents"]/div/div/div/div/div[2]/div/div[2]/div/section/div/div/form/div/div[1]/div[2]/div/div/div/div[5]/label/span[1]</arg>
<doc>Double clicks the element identified by ``locator``.</doc>
<msg timestamp="20211215 16:27:00.904" level="INFO">Double clicking element '//*[@id="app_contents"]/div/div/div/div/div[2]/div/div[2]/div/section/div/div/form/div/div[1]/div[2]/div/div/div/div[5]/label/span[1]'.</msg>
<status status="PASS" starttime="20211215 16:27:00.904" endtime="20211215 16:27:01.195"/>
</kw>
<status status="PASS" starttime="20211215 16:26:58.940" endtime="20211215 16:27:01.196"/>
</kw>
<kw name="TestCase2" library="common">
<kw name="Wait Until Page Does Not Contain Element" library="SeleniumLibrary">
<arg>dt_core_header_acc-info-preloader</arg>
<arg>60</arg>
<doc>Waits until the element ``locator`` disappears from the current page.</doc>
<status status="PASS" starttime="20211215 16:27:01.196" endtime="20211215 16:27:01.201"/>
</kw>
<kw name="Wait Until Page Contains Element" library="SeleniumLibrary">
<arg>//*[@id="app_contents"]/div/div/div/div/div[2]/div/div[2]/div/section/div/div/form/div/div[1]/div[2]/div/div/div/div[1]/label/span[1]</arg>
<doc>Waits until the element ``locator`` appears on the current page.</doc>
<status status="PASS" starttime="20211215 16:27:01.201" endtime="20211215 16:27:01.209"/>
</kw>
<kw name="Click Element" library="SeleniumLibrary">
<arg>//*[@id="app_contents"]/div/div/div/div/div[2]/div/div[2]/div/section/div/div/form/div/div[1]/div[2]/div/div/div/div[1]/label/span[1]</arg>
<doc>Click the element identified by ``locator``.</doc>
<msg timestamp="20211215 16:27:01.209" level="INFO">Clicking element '//*[@id="app_contents"]/div/div/div/div/div[2]/div/div[2]/div/section/div/div/form/div/div[1]/div[2]/div/div/div/div[1]/label/span[1]'.</msg>
<status status="PASS" starttime="20211215 16:27:01.209" endtime="20211215 16:27:01.242"/>
</kw>
<kw name="Wait Until Page Contains Element" library="SeleniumLibrary">
<arg>//*[@id="app_contents"]/div/div/div/div/div[2]/div/div[2]/div/section/div/div/form/div/div[1]/div[2]/div/div/div/div[2]/label/span[1]</arg>
<doc>Waits until the element ``locator`` appears on the current page.</doc>
<status status="PASS" starttime="20211215 16:27:01.242" endtime="20211215 16:27:01.247"/>
</kw>
<kw name="Click Element" library="SeleniumLibrary">
<arg>//*[@id="app_contents"]/div/div/div/div/div[2]/div/div[2]/div/section/div/div/form/div/div[1]/div[2]/div/div/div/div[2]/label/span[1]</arg>
<doc>Click the element identified by ``locator``.</doc>
<msg timestamp="20211215 16:27:01.247" level="INFO">Clicking element '//*[@id="app_contents"]/div/div/div/div/div[2]/div/div[2]/div/section/div/div/form/div/div[1]/div[2]/div/div/div/div[2]/label/span[1]'.</msg>
<status status="PASS" starttime="20211215 16:27:01.247" endtime="20211215 16:27:01.286"/>
</kw>
<kw name="Wait Until Page Contains Element" library="SeleniumLibrary">
<arg>//*[@id="app_contents"]/div/div/div/div/div[2]/div/div[2]/div/section/div/div/form/div/div[1]/div[2]/div/div/div/div[3]/label/span[1]</arg>
<doc>Waits until the element ``locator`` appears on the current page.</doc>
<status status="PASS" starttime="20211215 16:27:01.286" endtime="20211215 16:27:01.294"/>
</kw>
<kw name="Click Element" library="SeleniumLibrary">
<arg>//*[@id="app_contents"]/div/div/div/div/div[2]/div/div[2]/div/section/div/div/form/div/div[1]/div[2]/div/div/div/div[3]/label/span[1]</arg>
<doc>Click the element identified by ``locator``.</doc>
<msg timestamp="20211215 16:27:01.295" level="INFO">Clicking element '//*[@id="app_contents"]/div/div/div/div/div[2]/div/div[2]/div/section/div/div/form/div/div[1]/div[2]/div/div/div/div[3]/label/span[1]'.</msg>
<status status="PASS" starttime="20211215 16:27:01.294" endtime="20211215 16:27:01.333"/>
</kw>
<kw name="Wait Until Page Contains Element" library="SeleniumLibrary">
<arg>//*[@id="app_contents"]/div/div/div/div/div[2]/div/div[2]/div/section/div/div/form/div/div[1]/div[2]/div/div/div/div[4]/label/span[1]</arg>
<doc>Waits until the element ``locator`` appears on the current page.</doc>
<status status="PASS" starttime="20211215 16:27:01.333" endtime="20211215 16:27:01.343"/>
</kw>
<kw name="Click Element" library="SeleniumLibrary">
<arg>//*[@id="app_contents"]/div/div/div/div/div[2]/div/div[2]/div/section/div/div/form/div/div[1]/div[2]/div/div/div/div[4]/label/span[1]</arg>
<doc>Click the element identified by ``locator``.</doc>
<msg timestamp="20211215 16:27:01.343" level="INFO">Clicking element '//*[@id="app_contents"]/div/div/div/div/div[2]/div/div[2]/div/section/div/div/form/div/div[1]/div[2]/div/div/div/div[4]/label/span[1]'.</msg>
<status status="PASS" starttime="20211215 16:27:01.343" endtime="20211215 16:27:01.381"/>
</kw>
<kw name="Wait Until Page Contains Element" library="SeleniumLibrary">
<arg>//*[@id="app_contents"]/div/div/div/div/div[2]/div/div[2]/div/section/div/div/form/div/div[1]/div[2]/div/div/div/div[5]/label/span[1]</arg>
<doc>Waits until the element ``locator`` appears on the current page.</doc>
<status status="PASS" starttime="20211215 16:27:01.381" endtime="20211215 16:27:01.392"/>
</kw>
<kw name="Click Element" library="SeleniumLibrary">
<arg>//*[@id="app_contents"]/div/div/div/div/div[2]/div/div[2]/div/section/div/div/form/div/div[1]/div[2]/div/div/div/div[5]/label/span[1]</arg>
<doc>Click the element identified by ``locator``.</doc>
<msg timestamp="20211215 16:27:01.392" level="INFO">Clicking element '//*[@id="app_contents"]/div/div/div/div/div[2]/div/div[2]/div/section/div/div/form/div/div[1]/div[2]/div/div/div/div[5]/label/span[1]'.</msg>
<status status="PASS" starttime="20211215 16:27:01.392" endtime="20211215 16:27:01.429"/>
</kw>
<status status="PASS" starttime="20211215 16:27:01.196" endtime="20211215 16:27:01.429"/>
</kw>
<kw name="TestCase3" library="common">
<kw name="Wait Until Page Does Not Contain Element" library="SeleniumLibrary">
<arg>dt_core_header_acc-info-preloader</arg>
<arg>60</arg>
<doc>Waits until the element ``locator`` disappears from the current page.</doc>
<status status="PASS" starttime="20211215 16:27:01.430" endtime="20211215 16:27:01.437"/>
</kw>
<kw name="Wait Until Page Contains Element" library="SeleniumLibrary">
<arg>//*[@class="dc-input__field"]</arg>
<doc>Waits until the element ``locator`` appears on the current page.</doc>
<status status="PASS" starttime="20211215 16:27:01.437" endtime="20211215 16:27:01.448"/>
</kw>
<kw name="Input Text" library="SeleniumLibrary">
<arg>//*[@class="dc-input__field"]</arg>
<arg>as</arg>
<doc>Types the given ``text`` into the text field identified by ``locator``.</doc>
<msg timestamp="20211215 16:27:01.448" level="INFO">Typing text 'as' into text field '//*[@class="dc-input__field"]'.</msg>
<status status="PASS" starttime="20211215 16:27:01.448" endtime="20211215 16:27:01.523"/>
</kw>
<kw name="Page Should Not Contain Element" library="SeleniumLibrary">
<arg>//*[@type="submit" and @disabled]</arg>
<doc>Verifies that element ``locator`` is not found on the current page.</doc>
<msg timestamp="20211215 16:27:01.531" level="INFO">Current page does not contain element '//*[@type="submit" and @disabled]'.</msg>
<status status="PASS" starttime="20211215 16:27:01.523" endtime="20211215 16:27:01.531"/>
</kw>
<kw name="Sleep" library="BuiltIn">
<arg>2</arg>
<doc>Pauses the test executed for the given time.</doc>
<msg timestamp="20211215 16:27:03.531" level="INFO">Slept 2 seconds</msg>
<status status="PASS" starttime="20211215 16:27:01.531" endtime="20211215 16:27:03.531"/>
</kw>
<kw name="Press Keys" library="SeleniumLibrary">
<arg>//*[@class="dc-input__field"]</arg>
<arg>CTRL+ALL</arg>
<arg>DELETE</arg>
<doc>Simulates the user pressing key(s) to an element or on the active browser.</doc>
<msg timestamp="20211215 16:27:03.532" level="INFO">Sending key(s) ('CTRL+ALL', 'DELETE') to //*[@class="dc-input__field"] element.</msg>
<msg timestamp="20211215 16:27:03.800" level="INFO">Pressing special key CONTROL down.</msg>
<msg timestamp="20211215 16:27:03.801" level="INFO">Sending keys ALL</msg>
<msg timestamp="20211215 16:27:03.801" level="INFO">Releasing special key CONTROL.</msg>
<msg timestamp="20211215 16:27:03.818" level="INFO">Pressing special key DELETE to element.</msg>
<msg timestamp="20211215 16:27:03.818" level="INFO">Releasing special key DELETE.</msg>
<status status="PASS" starttime="20211215 16:27:03.531" endtime="20211215 16:27:03.832"/>
</kw>
<kw name="Input Text" library="SeleniumLibrary">
<arg>//*[@class="dc-input__field"]</arg>
<arg>asdfghjklqwertyuiopzxcvbnmasdfgh</arg>
<doc>Types the given ``text`` into the text field identified by ``locator``.</doc>
<msg timestamp="20211215 16:27:03.833" level="INFO">Typing text 'asdfghjklqwertyuiopzxcvbnmasdfgh' into text field '//*[@class="dc-input__field"]'.</msg>
<status status="PASS" starttime="20211215 16:27:03.832" endtime="20211215 16:27:04.050"/>
</kw>
<kw name="Page Should Not Contain Element" library="SeleniumLibrary">
<arg>//*[@type="submit" and @disabled]</arg>
<doc>Verifies that element ``locator`` is not found on the current page.</doc>
<msg timestamp="20211215 16:27:04.057" level="INFO">Current page does not contain element '//*[@type="submit" and @disabled]'.</msg>
<status status="PASS" starttime="20211215 16:27:04.050" endtime="20211215 16:27:04.057"/>
</kw>
<kw name="Sleep" library="BuiltIn">
<arg>2</arg>
<doc>Pauses the test executed for the given time.</doc>
<msg timestamp="20211215 16:27:06.058" level="INFO">Slept 2 seconds</msg>
<status status="PASS" starttime="20211215 16:27:04.057" endtime="20211215 16:27:06.058"/>
</kw>
<status status="PASS" starttime="20211215 16:27:01.430" endtime="20211215 16:27:06.058"/>
</kw>
<kw name="TestCase4" library="common">
<kw name="Wait Until Page Does Not Contain Element" library="SeleniumLibrary">
<arg>dt_core_header_acc-info-preloader</arg>
<arg>60</arg>
<doc>Waits until the element ``locator`` disappears from the current page.</doc>
<status status="PASS" starttime="20211215 16:27:06.059" endtime="20211215 16:27:06.072"/>
</kw>
<kw name="Wait Until Page Contains Element" library="SeleniumLibrary">
<arg>//*[@class="dc-input__field"]</arg>
<doc>Waits until the element ``locator`` appears on the current page.</doc>
<status status="PASS" starttime="20211215 16:27:06.072" endtime="20211215 16:27:06.079"/>
</kw>
<kw name="Press Keys" library="SeleniumLibrary">
<arg>//*[@class="dc-input__field"]</arg>
<arg>CTRL+ALL</arg>
<arg>DELETE</arg>
<doc>Simulates the user pressing key(s) to an element or on the active browser.</doc>
<msg timestamp="20211215 16:27:06.080" level="INFO">Sending key(s) ('CTRL+ALL', 'DELETE') to //*[@class="dc-input__field"] element.</msg>
<msg timestamp="20211215 16:27:06.346" level="INFO">Pressing special key CONTROL down.</msg>
<msg timestamp="20211215 16:27:06.346" level="INFO">Sending keys ALL</msg>
<msg timestamp="20211215 16:27:06.346" level="INFO">Releasing special key CONTROL.</msg>
<msg timestamp="20211215 16:27:06.360" level="INFO">Pressing special key DELETE to element.</msg>
<msg timestamp="20211215 16:27:06.360" level="INFO">Releasing special key DELETE.</msg>
<status status="PASS" starttime="20211215 16:27:06.079" endtime="20211215 16:27:06.372"/>
</kw>
<kw name="Input Text" library="SeleniumLibrary">
<arg>//*[@class="dc-input__field"]</arg>
<arg>a</arg>
<doc>Types the given ``text`` into the text field identified by ``locator``.</doc>
<msg timestamp="20211215 16:27:06.372" level="INFO">Typing text 'a' into text field '//*[@class="dc-input__field"]'.</msg>
<status status="PASS" starttime="20211215 16:27:06.372" endtime="20211215 16:27:06.405"/>
</kw>
<kw name="Page Should Contain Element" library="SeleniumLibrary">
<arg>//*[@type="submit" and @disabled]</arg>
<doc>Verifies that element ``locator`` is found on the current page.</doc>
<msg timestamp="20211215 16:27:06.410" level="INFO">Current page contains element '//*[@type="submit" and @disabled]'.</msg>
<status status="PASS" starttime="20211215 16:27:06.405" endtime="20211215 16:27:06.410"/>
</kw>
<kw name="Sleep" library="BuiltIn">
<arg>2</arg>
<doc>Pauses the test executed for the given time.</doc>
<msg timestamp="20211215 16:27:08.411" level="INFO">Slept 2 seconds</msg>
<status status="PASS" starttime="20211215 16:27:06.410" endtime="20211215 16:27:08.411"/>
</kw>
<kw name="Press Keys" library="SeleniumLibrary">
<arg>//*[@class="dc-input__field"]</arg>
<arg>CTRL+ALL</arg>
<arg>DELETE</arg>
<doc>Simulates the user pressing key(s) to an element or on the active browser.</doc>
<msg timestamp="20211215 16:27:08.412" level="INFO">Sending key(s) ('CTRL+ALL', 'DELETE') to //*[@class="dc-input__field"] element.</msg>
<msg timestamp="20211215 16:27:08.692" level="INFO">Pressing special key CONTROL down.</msg>
<msg timestamp="20211215 16:27:08.693" level="INFO">Sending keys ALL</msg>
<msg timestamp="20211215 16:27:08.693" level="INFO">Releasing special key CONTROL.</msg>
<msg timestamp="20211215 16:27:08.705" level="INFO">Pressing special key DELETE to element.</msg>
<msg timestamp="20211215 16:27:08.705" level="INFO">Releasing special key DELETE.</msg>
<status status="PASS" starttime="20211215 16:27:08.411" endtime="20211215 16:27:08.715"/>
</kw>
<kw name="Input Text" library="SeleniumLibrary">
<arg>//*[@class="dc-input__field"]</arg>
<arg>asdfghjklqwertyuiopzxcvbnmasdfghi</arg>
<doc>Types the given ``text`` into the text field identified by ``locator``.</doc>
<msg timestamp="20211215 16:27:08.716" level="INFO">Typing text 'asdfghjklqwertyuiopzxcvbnmasdfghi' into text field '//*[@class="dc-input__field"]'.</msg>
<status status="PASS" starttime="20211215 16:27:08.716" endtime="20211215 16:27:08.875"/>
</kw>
<kw name="Page Should Contain Element" library="SeleniumLibrary">
<arg>//*[@type="submit" and @disabled]</arg>
<doc>Verifies that element ``locator`` is found on the current page.</doc>
<msg timestamp="20211215 16:27:08.881" level="INFO">Current page contains element '//*[@type="submit" and @disabled]'.</msg>
<status status="PASS" starttime="20211215 16:27:08.875" endtime="20211215 16:27:08.881"/>
</kw>
<kw name="Sleep" library="BuiltIn">
<arg>2</arg>
<doc>Pauses the test executed for the given time.</doc>
<msg timestamp="20211215 16:27:10.881" level="INFO">Slept 2 seconds</msg>
<status status="PASS" starttime="20211215 16:27:08.881" endtime="20211215 16:27:10.881"/>
</kw>
<status status="PASS" starttime="20211215 16:27:06.058" endtime="20211215 16:27:10.882"/>
</kw>
<kw name="TestCase5" library="common">
<kw name="Wait Until Page Does Not Contain Element" library="SeleniumLibrary">
<arg>dt_core_header_acc-info-preloader</arg>
<arg>60</arg>
<doc>Waits until the element ``locator`` disappears from the current page.</doc>
<status status="PASS" starttime="20211215 16:27:10.883" endtime="20211215 16:27:10.896"/>
</kw>
<kw name="Wait Until Page Contains Element" library="SeleniumLibrary">
<arg>//*[@class="dc-input__field"]</arg>
<doc>Waits until the element ``locator`` appears on the current page.</doc>
<status status="PASS" starttime="20211215 16:27:10.896" endtime="20211215 16:27:10.904"/>
</kw>
<kw name="Press Keys" library="SeleniumLibrary">
<arg>//*[@class="dc-input__field"]</arg>
<arg>CTRL+ALL</arg>
<arg>DELETE</arg>
<doc>Simulates the user pressing key(s) to an element or on the active browser.</doc>
<msg timestamp="20211215 16:27:10.905" level="INFO">Sending key(s) ('CTRL+ALL', 'DELETE') to //*[@class="dc-input__field"] element.</msg>
<msg timestamp="20211215 16:27:11.173" level="INFO">Pressing special key CONTROL down.</msg>
<msg timestamp="20211215 16:27:11.173" level="INFO">Sending keys ALL</msg>
<msg timestamp="20211215 16:27:11.173" level="INFO">Releasing special key CONTROL.</msg>
<msg timestamp="20211215 16:27:11.186" level="INFO">Pressing special key DELETE to element.</msg>
<msg timestamp="20211215 16:27:11.186" level="INFO">Releasing special key DELETE.</msg>
<status status="PASS" starttime="20211215 16:27:10.904" endtime="20211215 16:27:11.195"/>
</kw>
<kw name="Input Text" library="SeleniumLibrary">
<arg>//*[@class="dc-input__field"]</arg>
<arg>abc123</arg>
<doc>Types the given ``text`` into the text field identified by ``locator``.</doc>
<msg timestamp="20211215 16:27:11.195" level="INFO">Typing text 'abc123' into text field '//*[@class="dc-input__field"]'.</msg>
<status status="PASS" starttime="20211215 16:27:11.195" endtime="20211215 16:27:11.248"/>
</kw>
<kw name="Page Should Not Contain Element" library="SeleniumLibrary">
<arg>//*[@type="submit" and @disabled]</arg>
<doc>Verifies that element ``locator`` is not found on the current page.</doc>
<msg timestamp="20211215 16:27:11.253" level="INFO">Current page does not contain element '//*[@type="submit" and @disabled]'.</msg>
<status status="PASS" starttime="20211215 16:27:11.248" endtime="20211215 16:27:11.253"/>
</kw>
<kw name="Sleep" library="BuiltIn">
<arg>2</arg>
<doc>Pauses the test executed for the given time.</doc>
<msg timestamp="20211215 16:27:13.254" level="INFO">Slept 2 seconds</msg>
<status status="PASS" starttime="20211215 16:27:11.253" endtime="20211215 16:27:13.254"/>
</kw>
<kw name="Press Keys" library="SeleniumLibrary">
<arg>//*[@class="dc-input__field"]</arg>
<arg>CTRL+ALL</arg>
<arg>DELETE</arg>
<doc>Simulates the user pressing key(s) to an element or on the active browser.</doc>
<msg timestamp="20211215 16:27:13.255" level="INFO">Sending key(s) ('CTRL+ALL', 'DELETE') to //*[@class="dc-input__field"] element.</msg>
<msg timestamp="20211215 16:27:13.535" level="INFO">Pressing special key CONTROL down.</msg>
<msg timestamp="20211215 16:27:13.535" level="INFO">Sending keys ALL</msg>
<msg timestamp="20211215 16:27:13.535" level="INFO">Releasing special key CONTROL.</msg>
<msg timestamp="20211215 16:27:13.548" level="INFO">Pressing special key DELETE to element.</msg>
<msg timestamp="20211215 16:27:13.548" level="INFO">Releasing special key DELETE.</msg>
<status status="PASS" starttime="20211215 16:27:13.254" endtime="20211215 16:27:13.556"/>
</kw>
<kw name="Input Text" library="SeleniumLibrary">
<arg>//*[@class="dc-input__field"]</arg>
<arg>123</arg>
<doc>Types the given ``text`` into the text field identified by ``locator``.</doc>
<msg timestamp="20211215 16:27:13.556" level="INFO">Typing text '123' into text field '//*[@class="dc-input__field"]'.</msg>
<status status="PASS" starttime="20211215 16:27:13.556" endtime="20211215 16:27:13.604"/>
</kw>
<kw name="Page Should Not Contain Element" library="SeleniumLibrary">
<arg>//*[@type="submit" and @disabled]</arg>
<doc>Verifies that element ``locator`` is not found on the current page.</doc>
<msg timestamp="20211215 16:27:13.611" level="INFO">Current page does not contain element '//*[@type="submit" and @disabled]'.</msg>
<status status="PASS" starttime="20211215 16:27:13.604" endtime="20211215 16:27:13.611"/>
</kw>
<kw name="Sleep" library="BuiltIn">
<arg>2</arg>
<doc>Pauses the test executed for the given time.</doc>
<msg timestamp="20211215 16:27:15.612" level="INFO">Slept 2 seconds</msg>
<status status="PASS" starttime="20211215 16:27:13.612" endtime="20211215 16:27:15.612"/>
</kw>
<kw name="Press Keys" library="SeleniumLibrary">
<arg>//*[@class="dc-input__field"]</arg>
<arg>CTRL+ALL</arg>
<arg>DELETE</arg>
<doc>Simulates the user pressing key(s) to an element or on the active browser.</doc>
<msg timestamp="20211215 16:27:15.614" level="INFO">Sending key(s) ('CTRL+ALL', 'DELETE') to //*[@class="dc-input__field"] element.</msg>
<msg timestamp="20211215 16:27:15.893" level="INFO">Pressing special key CONTROL down.</msg>
<msg timestamp="20211215 16:27:15.893" level="INFO">Sending keys ALL</msg>
<msg timestamp="20211215 16:27:15.893" level="INFO">Releasing special key CONTROL.</msg>
<msg timestamp="20211215 16:27:15.908" level="INFO">Pressing special key DELETE to element.</msg>
<msg timestamp="20211215 16:27:15.908" level="INFO">Releasing special key DELETE.</msg>
<status status="PASS" starttime="20211215 16:27:15.613" endtime="20211215 16:27:15.920"/>
</kw>
<kw name="Input Text" library="SeleniumLibrary">
<arg>//*[@class="dc-input__field"]</arg>
<arg>a_b_c</arg>
<doc>Types the given ``text`` into the text field identified by ``locator``.</doc>
<msg timestamp="20211215 16:27:15.921" level="INFO">Typing text 'a_b_c' into text field '//*[@class="dc-input__field"]'.</msg>
<status status="PASS" starttime="20211215 16:27:15.921" endtime="20211215 16:27:15.980"/>
</kw>
<kw name="Page Should Not Contain Element" library="SeleniumLibrary">
<arg>//*[@type="submit" and @disabled]</arg>
<doc>Verifies that element ``locator`` is not found on the current page.</doc>
<msg timestamp="20211215 16:27:15.985" level="INFO">Current page does not contain element '//*[@type="submit" and @disabled]'.</msg>
<status status="PASS" starttime="20211215 16:27:15.980" endtime="20211215 16:27:15.985"/>
</kw>
<kw name="Sleep" library="BuiltIn">
<arg>2</arg>
<doc>Pauses the test executed for the given time.</doc>
<msg timestamp="20211215 16:27:17.986" level="INFO">Slept 2 seconds</msg>
<status status="PASS" starttime="20211215 16:27:15.985" endtime="20211215 16:27:17.986"/>
</kw>
<kw name="Press Keys" library="SeleniumLibrary">
<arg>//*[@class="dc-input__field"]</arg>
<arg>CTRL+ALL</arg>
<arg>DELETE</arg>
<doc>Simulates the user pressing key(s) to an element or on the active browser.</doc>
<msg timestamp="20211215 16:27:17.987" level="INFO">Sending key(s) ('CTRL+ALL', 'DELETE') to //*[@class="dc-input__field"] element.</msg>
<msg timestamp="20211215 16:27:18.274" level="INFO">Pressing special key CONTROL down.</msg>
<msg timestamp="20211215 16:27:18.274" level="INFO">Sending keys ALL</msg>
<msg timestamp="20211215 16:27:18.275" level="INFO">Releasing special key CONTROL.</msg>
<msg timestamp="20211215 16:27:18.289" level="INFO">Pressing special key DELETE to element.</msg>
<msg timestamp="20211215 16:27:18.289" level="INFO">Releasing special key DELETE.</msg>
<status status="PASS" starttime="20211215 16:27:17.986" endtime="20211215 16:27:18.301"/>
</kw>
<kw name="Input Text" library="SeleniumLibrary">
<arg>//*[@class="dc-input__field"]</arg>
<arg>1_2_3</arg>
<doc>Types the given ``text`` into the text field identified by ``locator``.</doc>
<msg timestamp="20211215 16:27:18.302" level="INFO">Typing text '1_2_3' into text field '//*[@class="dc-input__field"]'.</msg>
<status status="PASS" starttime="20211215 16:27:18.302" endtime="20211215 16:27:18.374"/>
</kw>
<kw name="Page Should Not Contain Element" library="SeleniumLibrary">
<arg>//*[@type="submit" and @disabled]</arg>
<doc>Verifies that element ``locator`` is not found on the current page.</doc>
<msg timestamp="20211215 16:27:18.384" level="INFO">Current page does not contain element '//*[@type="submit" and @disabled]'.</msg>
<status status="PASS" starttime="20211215 16:27:18.374" endtime="20211215 16:27:18.384"/>
</kw>
<kw name="Sleep" library="BuiltIn">
<arg>2</arg>
<doc>Pauses the test executed for the given time.</doc>
<msg timestamp="20211215 16:27:20.384" level="INFO">Slept 2 seconds</msg>
<status status="PASS" starttime="20211215 16:27:18.384" endtime="20211215 16:27:20.385"/>
</kw>
<kw name="Press Keys" library="SeleniumLibrary">
<arg>//*[@class="dc-input__field"]</arg>
<arg>CTRL+ALL</arg>
<arg>DELETE</arg>
<doc>Simulates the user pressing key(s) to an element or on the active browser.</doc>
<msg timestamp="20211215 16:27:20.386" level="INFO">Sending key(s) ('CTRL+ALL', 'DELETE') to //*[@class="dc-input__field"] element.</msg>
<msg timestamp="20211215 16:27:20.666" level="INFO">Pressing special key CONTROL down.</msg>
<msg timestamp="20211215 16:27:20.666" level="INFO">Sending keys ALL</msg>
<msg timestamp="20211215 16:27:20.666" level="INFO">Releasing special key CONTROL.</msg>
<msg timestamp="20211215 16:27:20.678" level="INFO">Pressing special key DELETE to element.</msg>
<msg timestamp="20211215 16:27:20.678" level="INFO">Releasing special key DELETE.</msg>
<status status="PASS" starttime="20211215 16:27:20.385" endtime="20211215 16:27:20.688"/>
</kw>
<kw name="Input Text" library="SeleniumLibrary">
<arg>//*[@class="dc-input__field"]</arg>
<arg>abc_123</arg>
<doc>Types the given ``text`` into the text field identified by ``locator``.</doc>
<msg timestamp="20211215 16:27:20.688" level="INFO">Typing text 'abc_123' into text field '//*[@class="dc-input__field"]'.</msg>
<status status="PASS" starttime="20211215 16:27:20.688" endtime="20211215 16:27:20.755"/>
</kw>
<kw name="Page Should Not Contain Element" library="SeleniumLibrary">
<arg>//*[@type="submit" and @disabled]</arg>
<doc>Verifies that element ``locator`` is not found on the current page.</doc>
<msg timestamp="20211215 16:27:20.759" level="INFO">Current page does not contain element '//*[@type="submit" and @disabled]'.</msg>
<status status="PASS" starttime="20211215 16:27:20.755" endtime="20211215 16:27:20.759"/>
</kw>
<kw name="Sleep" library="BuiltIn">
<arg>2</arg>
<doc>Pauses the test executed for the given time.</doc>
<msg timestamp="20211215 16:27:22.760" level="INFO">Slept 2 seconds</msg>
<status status="PASS" starttime="20211215 16:27:20.760" endtime="20211215 16:27:22.760"/>
</kw>
<status status="PASS" starttime="20211215 16:27:10.882" endtime="20211215 16:27:22.761"/>
</kw>
<kw name="TestCase6" library="common">
<kw name="Wait Until Page Does Not Contain Element" library="SeleniumLibrary">
<arg>dt_core_header_acc-info-preloader</arg>
<arg>60</arg>
<doc>Waits until the element ``locator`` disappears from the current page.</doc>
<status status="PASS" starttime="20211215 16:27:22.762" endtime="20211215 16:27:22.782"/>
</kw>
<kw name="Wait Until Page Contains Element" library="SeleniumLibrary">
<arg>//*[@class="dc-input__field"]</arg>
<doc>Waits until the element ``locator`` appears on the current page.</doc>
<status status="PASS" starttime="20211215 16:27:22.782" endtime="20211215 16:27:22.792"/>
</kw>
<kw name="Press Keys" library="SeleniumLibrary">
<arg>//*[@class="dc-input__field"]</arg>
<arg>CTRL+ALL</arg>
<arg>DELETE</arg>
<doc>Simulates the user pressing key(s) to an element or on the active browser.</doc>
<msg timestamp="20211215 16:27:22.793" level="INFO">Sending key(s) ('CTRL+ALL', 'DELETE') to //*[@class="dc-input__field"] element.</msg>
<msg timestamp="20211215 16:27:23.057" level="INFO">Pressing special key CONTROL down.</msg>
<msg timestamp="20211215 16:27:23.057" level="INFO">Sending keys ALL</msg>
<msg timestamp="20211215 16:27:23.058" level="INFO">Releasing special key CONTROL.</msg>
<msg timestamp="20211215 16:27:23.071" level="INFO">Pressing special key DELETE to element.</msg>
<msg timestamp="20211215 16:27:23.071" level="INFO">Releasing special key DELETE.</msg>
<status status="PASS" starttime="20211215 16:27:22.792" endtime="20211215 16:27:23.084"/>
</kw>
<kw name="Input Text" library="SeleniumLibrary">
<arg>//*[@class="dc-input__field"]</arg>
<arg>Balance Sheet</arg>
<doc>Types the given ``text`` into the text field identified by ``locator``.</doc>
<msg timestamp="20211215 16:27:23.085" level="INFO">Typing text 'Balance Sheet' into text field '//*[@class="dc-input__field"]'.</msg>
<status status="PASS" starttime="20211215 16:27:23.085" endtime="20211215 16:27:23.189"/>
</kw>
<kw name="Page Should Not Contain Element" library="SeleniumLibrary">
<arg>//*[@type="submit" and @disabled]</arg>
<doc>Verifies that element ``locator`` is not found on the current page.</doc>
<msg timestamp="20211215 16:27:23.197" level="INFO">Current page does not contain element '//*[@type="submit" and @disabled]'.</msg>
<status status="PASS" starttime="20211215 16:27:23.189" endtime="20211215 16:27:23.197"/>
</kw>
<kw name="Sleep" library="BuiltIn">
<arg>2</arg>
<doc>Pauses the test executed for the given time.</doc>
<msg timestamp="20211215 16:27:25.197" level="INFO">Slept 2 seconds</msg>
<status status="PASS" starttime="20211215 16:27:23.197" endtime="20211215 16:27:25.197"/>
</kw>
<status status="PASS" starttime="20211215 16:27:22.761" endtime="20211215 16:27:25.198"/>
</kw>
<kw name="TestCase7" library="common">
<kw name="Wait Until Page Does Not Contain Element" library="SeleniumLibrary">
<arg>dt_core_header_acc-info-preloader</arg>
<arg>60</arg>
<doc>Waits until the element ``locator`` disappears from the current page.</doc>
<status status="PASS" starttime="20211215 16:27:25.199" endtime="20211215 16:27:25.211"/>
</kw>
<kw name="Wait Until Page Contains Element" library="SeleniumLibrary">
<arg>//*[@class="dc-input__field"]</arg>
<doc>Waits until the element ``locator`` appears on the current page.</doc>
<status status="PASS" starttime="20211215 16:27:25.211" endtime="20211215 16:27:25.220"/>
</kw>
<kw name="Wait Until Page Contains Element" library="SeleniumLibrary">
<arg>//*[@id="app_contents"]/div/div/div/div/div[2]/div/div[2]/div/section/div/div/form/div/div[1]/div[2]/div/div/div/div[1]/label/span[1]</arg>
<doc>Waits until the element ``locator`` appears on the current page.</doc>
<status status="PASS" starttime="20211215 16:27:25.220" endtime="20211215 16:27:25.228"/>
</kw>
<kw name="Click Element" library="SeleniumLibrary">
<arg>//*[@id="app_contents"]/div/div/div/div/div[2]/div/div[2]/div/section/div/div/form/div/div[1]/div[2]/div/div/div/div[1]/label/span[1]</arg>
<doc>Click the element identified by ``locator``.</doc>
<msg timestamp="20211215 16:27:25.228" level="INFO">Clicking element '//*[@id="app_contents"]/div/div/div/div/div[2]/div/div[2]/div/section/div/div/form/div/div[1]/div[2]/div/div/div/div[1]/label/span[1]'.</msg>
<status status="PASS" starttime="20211215 16:27:25.228" endtime="20211215 16:27:25.266"/>
</kw>
<kw name="Wait Until Page Contains Element" library="SeleniumLibrary">
<arg>//*[@id="app_contents"]/div/div/div/div/div[2]/div/div[2]/div/section/div/div/form/div/div[1]/div[2]/div/div/div/div[2]/label/span[1]</arg>
<doc>Waits until the element ``locator`` appears on the current page.</doc>
<status status="PASS" starttime="20211215 16:27:25.266" endtime="20211215 16:27:25.275"/>
</kw>
<kw name="Click Element" library="SeleniumLibrary">
<arg>//*[@id="app_contents"]/div/div/div/div/div[2]/div/div[2]/div/section/div/div/form/div/div[1]/div[2]/div/div/div/div[2]/label/span[1]</arg>
<doc>Click the element identified by ``locator``.</doc>
<msg timestamp="20211215 16:27:25.275" level="INFO">Clicking element '//*[@id="app_contents"]/div/div/div/div/div[2]/div/div[2]/div/section/div/div/form/div/div[1]/div[2]/div/div/div/div[2]/label/span[1]'.</msg>
<status status="PASS" starttime="20211215 16:27:25.275" endtime="20211215 16:27:25.311"/>
</kw>
<kw name="Wait Until Page Contains Element" library="SeleniumLibrary">
<arg>//*[@id="app_contents"]/div/div/div/div/div[2]/div/div[2]/div/section/div/div/form/div/div[1]/div[2]/div/div/div/div[3]/label/span[1]</arg>
<doc>Waits until the element ``locator`` appears on the current page.</doc>
<status status="PASS" starttime="20211215 16:27:25.311" endtime="20211215 16:27:25.323"/>
</kw>
<kw name="Click Element" library="SeleniumLibrary">
<arg>//*[@id="app_contents"]/div/div/div/div/div[2]/div/div[2]/div/section/div/div/form/div/div[1]/div[2]/div/div/div/div[3]/label/span[1]</arg>
<doc>Click the element identified by ``locator``.</doc>
<msg timestamp="20211215 16:27:25.323" level="INFO">Clicking element '//*[@id="app_contents"]/div/div/div/div/div[2]/div/div[2]/div/section/div/div/form/div/div[1]/div[2]/div/div/div/div[3]/label/span[1]'.</msg>
<status status="PASS" starttime="20211215 16:27:25.323" endtime="20211215 16:27:25.360"/>
</kw>
<kw name="Wait Until Page Contains Element" library="SeleniumLibrary">
<arg>//*[@id="app_contents"]/div/div/div/div/div[2]/div/div[2]/div/section/div/div/form/div/div[1]/div[2]/div/div/div/div[4]/label/span[1]</arg>
<doc>Waits until the element ``locator`` appears on the current page.</doc>
<status status="PASS" starttime="20211215 16:27:25.360" endtime="20211215 16:27:25.370"/>
</kw>
<kw name="Click Element" library="SeleniumLibrary">
<arg>//*[@id="app_contents"]/div/div/div/div/div[2]/div/div[2]/div/section/div/div/form/div/div[1]/div[2]/div/div/div/div[4]/label/span[1]</arg>
<doc>Click the element identified by ``locator``.</doc>
<msg timestamp="20211215 16:27:25.370" level="INFO">Clicking element '//*[@id="app_contents"]/div/div/div/div/div[2]/div/div[2]/div/section/div/div/form/div/div[1]/div[2]/div/div/div/div[4]/label/span[1]'.</msg>
<status status="PASS" starttime="20211215 16:27:25.370" endtime="20211215 16:27:25.408"/>
</kw>
<kw name="Wait Until Page Contains Element" library="SeleniumLibrary">
<arg>//*[@id="app_contents"]/div/div/div/div/div[2]/div/div[2]/div/section/div/div/form/div/div[1]/div[2]/div/div/div/div[5]/label/span[1]</arg>
<doc>Waits until the element ``locator`` appears on the current page.</doc>
<status status="PASS" starttime="20211215 16:27:25.408" endtime="20211215 16:27:25.417"/>
</kw>
<kw name="Click Element" library="SeleniumLibrary">
<arg>//*[@id="app_contents"]/div/div/div/div/div[2]/div/div[2]/div/section/div/div/form/div/div[1]/div[2]/div/div/div/div[5]/label/span[1]</arg>
<doc>Click the element identified by ``locator``.</doc>
<msg timestamp="20211215 16:27:25.418" level="INFO">Clicking element '//*[@id="app_contents"]/div/div/div/div/div[2]/div/div[2]/div/section/div/div/form/div/div[1]/div[2]/div/div/div/div[5]/label/span[1]'.</msg>
<status status="PASS" starttime="20211215 16:27:25.418" endtime="20211215 16:27:25.459"/>
</kw>
<kw name="Page Should Contain Element" library="SeleniumLibrary">
<arg>//*[@type="submit" and @disabled]</arg>
<doc>Verifies that element ``locator`` is found on the current page.</doc>
<msg timestamp="20211215 16:27:25.467" level="INFO">Current page contains element '//*[@type="submit" and @disabled]'.</msg>
<status status="PASS" starttime="20211215 16:27:25.459" endtime="20211215 16:27:25.467"/>
</kw>
<status status="PASS" starttime="20211215 16:27:25.198" endtime="20211215 16:27:25.467"/>
</kw>
<kw name="TestCase8" library="common">
<kw name="Wait Until Page Does Not Contain Element" library="SeleniumLibrary">
<arg>dt_core_header_acc-info-preloader</arg>
<arg>60</arg>
<doc>Waits until the element ``locator`` disappears from the current page.</doc>
<status status="PASS" starttime="20211215 16:27:25.468" endtime="20211215 16:27:25.475"/>
</kw>
<kw name="Wait Until Page Contains Element" library="SeleniumLibrary">
<arg>//*[@class="dc-input__field"]</arg>
<doc>Waits until the element ``locator`` appears on the current page.</doc>
<status status="PASS" starttime="20211215 16:27:25.475" endtime="20211215 16:27:25.479"/>
</kw>
<kw name="Wait Until Page Contains Element" library="SeleniumLibrary">
<arg>//*[@id="app_contents"]/div/div/div/div/div[2]/div/div[2]/div/section/div/div/form/div/div[1]/div[2]/div/div/div/div[1]/label/span[1]</arg>
<doc>Waits until the element ``locator`` appears on the current page.</doc>
<status status="PASS" starttime="20211215 16:27:25.479" endtime="20211215 16:27:25.485"/>
</kw>
<kw name="Click Element" library="SeleniumLibrary">
<arg>//*[@id="app_contents"]/div/div/div/div/div[2]/div/div[2]/div/section/div/div/form/div/div[1]/div[2]/div/div/div/div[1]/label/span[1]</arg>
<doc>Click the element identified by ``locator``.</doc>
<msg timestamp="20211215 16:27:25.487" level="INFO">Clicking element '//*[@id="app_contents"]/div/div/div/div/div[2]/div/div[2]/div/section/div/div/form/div/div[1]/div[2]/div/div/div/div[1]/label/span[1]'.</msg>
<status status="PASS" starttime="20211215 16:27:25.486" endtime="20211215 16:27:25.516"/>
</kw>
<kw name="Click Element" library="SeleniumLibrary">
<arg>//*[@class="dc-btn dc-btn__effect dc-btn--primary dc-btn__large da-api-token__button"]</arg>
<doc>Click the element identified by ``locator``.</doc>
<msg timestamp="20211215 16:27:25.517" level="INFO">Clicking element '//*[@class="dc-btn dc-btn__effect dc-btn--primary dc-btn__large da-api-token__button"]'.</msg>
<status status="PASS" starttime="20211215 16:27:25.517" endtime="20211215 16:27:25.590"/>
</kw>
<kw name="Page Should Contain" library="SeleniumLibrary">
<arg>//*[@id="app_contents"]/div/div/div/div/div[2]/div/div[2]/div/section/div/div/form/div/div[3]/div[2]/div/div/table/thead/tr/th[1]/span</arg>
<doc>Verifies that current page contains ``text``.</doc>
<kw name="Capture Page Screenshot" library="SeleniumLibrary">
<doc>Takes a screenshot of the current page and embeds it into a log file.</doc>
<msg timestamp="20211215 16:27:25.899" level="INFO" html="true">&lt;/td&gt;&lt;/tr&gt;&lt;tr&gt;&lt;td colspan="3"&gt;&lt;a href="selenium-screenshot-21.png"&gt;&lt;img src="selenium-screenshot-21.png" width="800px"&gt;&lt;/a&gt;</msg>
<status status="PASS" starttime="20211215 16:27:25.716" endtime="20211215 16:27:25.899"/>
</kw>
<msg timestamp="20211215 16:27:25.904" level="FAIL">StaleElementReferenceException: Message: stale element reference: element is not attached to the page document
  (Session info: chrome=95.0.4638.69)
Stacktrace:
#0 0x560b1dd79463 &lt;unknown&gt;
#1 0x560b1d851678 &lt;unknown&gt;
#2 0x560b1d8544fc &lt;unknown&gt;
#3 0x560b1d8542f6 &lt;unknown&gt;
#4 0x560b1d8545bc &lt;unknown&gt;
#5 0x560b1d8892cc &lt;unknown&gt;
#6 0x560b1d8b8f93 &lt;unknown&gt;
#7 0x560b1d8a4792 &lt;unknown&gt;
#8 0x560b1d8b79b1 &lt;unknown&gt;
#9 0x560b1d8a4683 &lt;unknown&gt;
#10 0x560b1d87ab64 &lt;unknown&gt;
#11 0x560b1d87bb55 &lt;unknown&gt;
#12 0x560b1dda90fe &lt;unknown&gt;
#13 0x560b1ddbe9d0 &lt;unknown&gt;
#14 0x560b1ddaa055 &lt;unknown&gt;
#15 0x560b1ddbfe18 &lt;unknown&gt;
#16 0x560b1dd9e82b &lt;unknown&gt;
#17 0x560b1dddaf98 &lt;unknown&gt;
#18 0x560b1dddb118 &lt;unknown&gt;
#19 0x560b1ddf659d &lt;unknown&gt;
#20 0x7f48af1df609 &lt;unknown&gt;
</msg>
<status status="FAIL" starttime="20211215 16:27:25.590" endtime="20211215 16:27:25.904"/>
</kw>
<status status="FAIL" starttime="20211215 16:27:25.467" endtime="20211215 16:27:25.905"/>
</kw>
<status status="FAIL" starttime="20211215 16:26:33.822" endtime="20211215 16:27:25.905">StaleElementReferenceException: Message: stale element reference: element is not attached to the page document
  (Session info: chrome=95.0.4638.69)
Stacktrace:
#0 0x560b1dd79463 &lt;unknown&gt;
#1 0x560b1d851678 &lt;unknown&gt;
#2 0x560b1d8544fc &lt;unknown&gt;
#3 0x560b1d8542f6 &lt;unknown&gt;
#4 0x560b1d8545bc &lt;unknown&gt;
#5 0x560b1d8892cc &lt;unknown&gt;
#6 0x560b1d8b8f93 &lt;unknown&gt;
#7 0x560b1d8a4792 &lt;unknown&gt;
#8 0x560b1d8b79b1 &lt;unknown&gt;
#9 0x560b1d8a4683 &lt;unknown&gt;
#10 0x560b1d87ab64 &lt;unknown&gt;
#11 0x560b1d87bb55 &lt;unknown&gt;
#12 0x560b1dda90fe &lt;unknown&gt;
#13 0x560b1ddbe9d0 &lt;unknown&gt;
#14 0x560b1ddaa055 &lt;unknown&gt;
#15 0x560b1ddbfe18 &lt;unknown&gt;
#16 0x560b1dd9e82b &lt;unknown&gt;
#17 0x560b1dddaf98 &lt;unknown&gt;
#18 0x560b1dddb118 &lt;unknown&gt;
#19 0x560b1ddf659d &lt;unknown&gt;
#20 0x7f48af1df609 &lt;unknown&gt;
</status>
</test>
<status status="FAIL" starttime="20211215 16:26:33.738" endtime="20211215 16:27:25.905"/>
</suite>
<statistics>
<total>
<stat pass="0" fail="1" skip="0">All Tests</stat>
</total>
<tag>
</tag>
<suite>
<stat pass="0" fail="1" skip="0" id="s1" name="automationTokenAPIPage">automationTokenAPIPage</stat>
</suite>
</statistics>
<errors>
</errors>
</robot>
